<?xml version="1.0" encoding="UTF-8"?>
<testng-results skipped="0" failed="0" ignored="0" total="1" passed="1">
  <reporter-output>
  </reporter-output>
  <suite name="Suite" duration-ms="16030" started-at="2018-01-12T14:27:23Z" finished-at="2018-01-12T14:27:39Z">
    <groups>
    </groups>
    <test name="Test" duration-ms="16030" started-at="2018-01-12T14:27:23Z" finished-at="2018-01-12T14:27:39Z">
      <class name="com.mavendemo.scripts.GoogleTest">
        <test-method status="PASS" signature="googleTest()[pri:0, instance:com.mavendemo.scripts.GoogleTest@7113b13f]" name="googleTest" duration-ms="15920" started-at="2018-01-12T19:57:23Z" finished-at="2018-01-12T19:57:39Z">
          <reporter-output>
          </reporter-output>
        </test-method> <!-- googleTest -->
      </class> <!-- com.mavendemo.scripts.GoogleTest -->
    </test> <!-- Test -->
  </suite> <!-- Suite -->
</testng-results>
